<?xml version="1.0" encoding="UTF-8"?>
<!-- Generated by org.testng.reporters.JUnitXMLReporter -->
<testsuite ignored="0" hostname="DESKTOP-CJ4EQ5G" failures="0" tests="3" name="Test" time="12.242" errors="0" timestamp="2023-05-26T20:03:33 IST">
  <testcase classname="testclasspackage.post_tc_1" name="execute" time="8.411"/>
  <testcase classname="testclasspackage.post_tc_2" name="execute" time="1.799"/>
  <testcase classname="testclasspackage.post_tc_3" name="execute" time="1.785"/>
</testsuite> <!-- Test -->
