<?xml version="1.0" encoding="UTF-8"?>
<!-- Generated by org.testng.reporters.JUnitXMLReporter -->
<testsuite ignored="0" hostname="DESKTOP-CJ4EQ5G" failures="0" tests="3" name="Test" time="15.019" errors="0" timestamp="2023-05-23T18:23:42 IST">
  <testcase classname="testclasspackage.post_tc_1" name="execute" time="10.522"/>
  <testcase classname="testclasspackage.post_tc_2" name="execute" time="2.1"/>
  <testcase classname="testclasspackage.post_tc_3" name="execute" time="2.074"/>
</testsuite> <!-- Test -->
