<?xml version="1.0" encoding="UTF-8"?>
<testng-results ignored="0" total="3" passed="3" failed="0" skipped="0">
  <reporter-output>
  </reporter-output>
  <suite started-at="2023-05-23T18:23:27 IST" name="Suite" finished-at="2023-05-23T18:23:42 IST" duration-ms="15019">
    <groups>
    </groups>
    <test started-at="2023-05-23T18:23:27 IST" name="Test" finished-at="2023-05-23T18:23:42 IST" duration-ms="15019">
      <class name="testclasspackage.post_tc_1">
        <test-method signature="execute()[pri:0, instance:testclasspackage.post_tc_1@54422e18]" started-at="2023-05-23T18:23:27 IST" name="execute" finished-at="2023-05-23T18:23:38 IST" duration-ms="10522" status="PASS">
          <reporter-output>
          </reporter-output>
        </test-method> <!-- execute -->
      </class> <!-- testclasspackage.post_tc_1 -->
      <class name="testclasspackage.post_tc_2">
        <test-method signature="execute()[pri:0, instance:testclasspackage.post_tc_2@74d1dc36]" started-at="2023-05-23T18:23:38 IST" name="execute" finished-at="2023-05-23T18:23:40 IST" duration-ms="2100" status="PASS">
          <reporter-output>
          </reporter-output>
        </test-method> <!-- execute -->
      </class> <!-- testclasspackage.post_tc_2 -->
      <class name="testclasspackage.post_tc_3">
        <test-method signature="execute()[pri:0, instance:testclasspackage.post_tc_3@7161d8d1]" started-at="2023-05-23T18:23:40 IST" name="execute" finished-at="2023-05-23T18:23:42 IST" duration-ms="2074" status="PASS">
          <reporter-output>
          </reporter-output>
        </test-method> <!-- execute -->
      </class> <!-- testclasspackage.post_tc_3 -->
    </test> <!-- Test -->
  </suite> <!-- Suite -->
</testng-results>
