<?xml version="1.0" encoding="UTF-8"?>
<testng-results ignored="0" total="3" passed="3" failed="0" skipped="0">
  <reporter-output>
  </reporter-output>
  <suite started-at="2023-05-26T20:03:20 IST" name="Suite" finished-at="2023-05-26T20:03:33 IST" duration-ms="12242">
    <groups>
    </groups>
    <test started-at="2023-05-26T20:03:20 IST" name="Test" finished-at="2023-05-26T20:03:33 IST" duration-ms="12242">
      <class name="testclasspackage.post_tc_1">
        <test-method signature="execute()[pri:0, instance:testclasspackage.post_tc_1@54422e18]" started-at="2023-05-26T20:03:20 IST" name="execute" finished-at="2023-05-26T20:03:29 IST" duration-ms="8411" status="PASS">
          <reporter-output>
          </reporter-output>
        </test-method> <!-- execute -->
      </class> <!-- testclasspackage.post_tc_1 -->
      <class name="testclasspackage.post_tc_2">
        <test-method signature="execute()[pri:0, instance:testclasspackage.post_tc_2@74d1dc36]" started-at="2023-05-26T20:03:29 IST" name="execute" finished-at="2023-05-26T20:03:31 IST" duration-ms="1799" status="PASS">
          <reporter-output>
          </reporter-output>
        </test-method> <!-- execute -->
      </class> <!-- testclasspackage.post_tc_2 -->
      <class name="testclasspackage.post_tc_3">
        <test-method signature="execute()[pri:0, instance:testclasspackage.post_tc_3@7161d8d1]" started-at="2023-05-26T20:03:31 IST" name="execute" finished-at="2023-05-26T20:03:33 IST" duration-ms="1785" status="PASS">
          <reporter-output>
          </reporter-output>
        </test-method> <!-- execute -->
      </class> <!-- testclasspackage.post_tc_3 -->
    </test> <!-- Test -->
  </suite> <!-- Suite -->
</testng-results>
